{
  "0 debug pnpm:scope": {
    "selected": 1,
    "workspacePrefix": null
  },
  "1 debug pnpm": {
    "isCaseSensitive": false,
    "store": "C:\\Users\\USER\\.pnpm-store\\2"
  },
  "2 debug pnpm:package-manifest": {
    "initial": {
      "name": "@management/ui",
      "version": "1.0.0-snapshot.20200329103332",
      "engines": {
        "node": ">=12.1.0",
        "npm": ">=6.9.0",
        "pnpm": ">=4"
      },
      "main": "./src/main/js/index.js",
      "files": [
        "dist",
        "src/main/js"
      ],
      "scripts": {
        "testserver:start": "scout-scripts test-server:start",
        "testserver:stop": "scout-scripts test-server:stop",
        "test:ci": "scout-scripts test:ci",
        "build:dev": "scout-scripts build:dev",
        "build:prod": "scout-scripts build:prod",
        "build:all": "scout-scripts build:dev && scout-scripts build:prod",
        "build:dev:watch": "scout-scripts build:dev:watch",
        "snapshot-cleanup": "releng-scripts snapshot-cleanup",
        "snapshot-predependency": "releng-scripts snapshot-install-dependency",
        "snapshot-postdependency": "releng-scripts snapshot-publish-dependency",
        "release-predependency": "releng-scripts release-install-dependency",
        "release-postdependency": "releng-scripts release-publish-dependency"
      },
      "devDependencies": {
        "@eclipse-scout/cli": "10.0.8",
        "@eclipse-scout/testing": "10.0.8",
        "@eclipse-scout/releng": "^10.0.0",
        "@eclipse-scout/eslint-config": "10.0.8",
        "eslint": "6.5.1",
        "babel-eslint": "10.0.3",
        "eslint-plugin-babel": "5.3.0"
      },
      "dependencies": {
        "@eclipse-scout/core": "10.0.8",
        "jquery": "3.4.1",
        "chart.js": "2.8.0",
        "echarts": "4.7.0"
      }
    },
    "prefix": "C:\\SDE\\Code\\Scout\\HumanResources\\management\\management.ui.html"
  },
  "3 debug pnpm:stage": {
    "prefix": "C:\\SDE\\Code\\Scout\\HumanResources\\management\\management.ui.html",
    "stage": "resolution_started"
  },
  "4 warn pnpm": {
    "message": "Moving chart.js that was installed by a different package manager to \"node_modules/.ignored",
    "prefix": "C:\\SDE\\Code\\Scout\\HumanResources\\management\\management.ui.html"
  },
  "5 error pnpm": {
    "message": {
      "errno": -4048,
      "code": "EPERM",
      "syscall": "rename",
      "path": "C:\\SDE\\Code\\Scout\\HumanResources\\management\\management.ui.html\\node_modules\\chart.js",
      "dest": "C:\\SDE\\Code\\Scout\\HumanResources\\management\\management.ui.html\\node_modules\\.ignored\\chart.js"
    },
    "err": {
      "name": "Error",
      "message": "EPERM: operation not permitted, rename 'C:\\SDE\\Code\\Scout\\HumanResources\\management\\management.ui.html\\node_modules\\chart.js' -> 'C:\\SDE\\Code\\Scout\\HumanResources\\management\\management.ui.html\\node_modules\\.ignored\\chart.js'",
      "code": "EPERM",
      "stack": "Error: EPERM: operation not permitted, rename 'C:\\SDE\\Code\\Scout\\HumanResources\\management\\management.ui.html\\node_modules\\chart.js' -> 'C:\\SDE\\Code\\Scout\\HumanResources\\management\\management.ui.html\\node_modules\\.ignored\\chart.js'"
    }
  }
}